  Main.c
D:\Egyetem\2024_25_2\Számítógépi grafika\Grafika-MO0VEY\Gyakorlatok\Beadandó\MinimalCG\MininmalCG\Main.c(171,17): warning C4244: '=': conversion from 'int' to 'float', possible loss of data
D:\Egyetem\2024_25_2\Számítógépi grafika\Grafika-MO0VEY\Gyakorlatok\Beadandó\MinimalCG\MininmalCG\Main.c(172,17): warning C4244: '=': conversion from 'int' to 'float', possible loss of data
D:\Egyetem\2024_25_2\Számítógépi grafika\Grafika-MO0VEY\Gyakorlatok\Beadandó\MinimalCG\MininmalCG\Main.c(179,29): warning C4244: '=': conversion from 'int' to 'float', possible loss of data
D:\Egyetem\2024_25_2\Számítógépi grafika\Grafika-MO0VEY\Gyakorlatok\Beadandó\MinimalCG\MininmalCG\Main.c(180,30): warning C4244: '=': conversion from 'int' to 'float', possible loss of data
D:\Egyetem\2024_25_2\Számítógépi grafika\Grafika-MO0VEY\Gyakorlatok\Beadandó\MinimalCG\MininmalCG\Main.c(186,13): warning C4244: '=': conversion from 'int' to 'float', possible loss of data
D:\Egyetem\2024_25_2\Számítógépi grafika\Grafika-MO0VEY\Gyakorlatok\Beadandó\MinimalCG\MininmalCG\Main.c(187,13): warning C4244: '=': conversion from 'int' to 'float', possible loss of data
D:\Egyetem\2024_25_2\Számítógépi grafika\Grafika-MO0VEY\Gyakorlatok\Beadandó\MinimalCG\MininmalCG\Main.c(226,25): warning C4244: '=': conversion from 'int' to 'float', possible loss of data
D:\Egyetem\2024_25_2\Számítógépi grafika\Grafika-MO0VEY\Gyakorlatok\Beadandó\MinimalCG\MininmalCG\Main.c(227,26): warning C4244: '=': conversion from 'int' to 'float', possible loss of data
D:\Egyetem\2024_25_2\Számítógépi grafika\Grafika-MO0VEY\Gyakorlatok\Beadandó\MinimalCG\MininmalCG\Main.c(314,39): warning C4244: '=': conversion from 'int' to 'float', possible loss of data
D:\Egyetem\2024_25_2\Számítógépi grafika\Grafika-MO0VEY\Gyakorlatok\Beadandó\MinimalCG\MininmalCG\Main.c(315,39): warning C4244: '=': conversion from 'int' to 'float', possible loss of data
D:\Egyetem\2024_25_2\Számítógépi grafika\Grafika-MO0VEY\Gyakorlatok\Beadandó\MinimalCG\MininmalCG\Main.c(316,39): warning C4244: '=': conversion from 'int' to 'float', possible loss of data
D:\Egyetem\2024_25_2\Számítógépi grafika\Grafika-MO0VEY\Gyakorlatok\Beadandó\MinimalCG\MininmalCG\Main.c(689,47): warning C4244: 'function': conversion from 'int' to 'float', possible loss of data
D:\Egyetem\2024_25_2\Számítógépi grafika\Grafika-MO0VEY\Gyakorlatok\Beadandó\MinimalCG\MininmalCG\Main.c(689,51): warning C4244: 'function': conversion from 'int' to 'float', possible loss of data
D:\Egyetem\2024_25_2\Számítógépi grafika\Grafika-MO0VEY\Gyakorlatok\Beadandó\MinimalCG\MininmalCG\Main.c(692,57): warning C4244: 'function': conversion from 'int' to 'float', possible loss of data
D:\Egyetem\2024_25_2\Számítógépi grafika\Grafika-MO0VEY\Gyakorlatok\Beadandó\MinimalCG\MininmalCG\Main.c(692,64): warning C4244: 'function': conversion from 'const int' to 'float', possible loss of data
D:\Egyetem\2024_25_2\Számítógépi grafika\Grafika-MO0VEY\Gyakorlatok\Beadandó\MinimalCG\MininmalCG\Main.c(703,47): warning C4244: 'function': conversion from 'int' to 'float', possible loss of data
D:\Egyetem\2024_25_2\Számítógépi grafika\Grafika-MO0VEY\Gyakorlatok\Beadandó\MinimalCG\MininmalCG\Main.c(703,51): warning C4244: 'function': conversion from 'int' to 'float', possible loss of data
D:\Egyetem\2024_25_2\Számítógépi grafika\Grafika-MO0VEY\Gyakorlatok\Beadandó\MinimalCG\MininmalCG\Main.c(713,47): warning C4244: 'function': conversion from 'int' to 'float', possible loss of data
D:\Egyetem\2024_25_2\Számítógépi grafika\Grafika-MO0VEY\Gyakorlatok\Beadandó\MinimalCG\MininmalCG\Main.c(713,51): warning C4244: 'function': conversion from 'int' to 'float', possible loss of data
D:\Egyetem\2024_25_2\Számítógépi grafika\Grafika-MO0VEY\Gyakorlatok\Beadandó\MinimalCG\MininmalCG\Main.c(717,57): warning C4244: 'function': conversion from 'int' to 'float', possible loss of data
D:\Egyetem\2024_25_2\Számítógépi grafika\Grafika-MO0VEY\Gyakorlatok\Beadandó\MinimalCG\MininmalCG\Main.c(717,64): warning C4244: 'function': conversion from 'const int' to 'float', possible loss of data
D:\Egyetem\2024_25_2\Számítógépi grafika\Grafika-MO0VEY\Gyakorlatok\Beadandó\MinimalCG\MininmalCG\Main.c(728,47): warning C4244: 'function': conversion from 'int' to 'float', possible loss of data
D:\Egyetem\2024_25_2\Számítógépi grafika\Grafika-MO0VEY\Gyakorlatok\Beadandó\MinimalCG\MininmalCG\Main.c(728,51): warning C4244: 'function': conversion from 'int' to 'float', possible loss of data
D:\Egyetem\2024_25_2\Számítógépi grafika\Grafika-MO0VEY\Gyakorlatok\Beadandó\MinimalCG\MininmalCG\Main.c(738,47): warning C4244: 'function': conversion from 'int' to 'float', possible loss of data
D:\Egyetem\2024_25_2\Számítógépi grafika\Grafika-MO0VEY\Gyakorlatok\Beadandó\MinimalCG\MininmalCG\Main.c(738,51): warning C4244: 'function': conversion from 'int' to 'float', possible loss of data
D:\Egyetem\2024_25_2\Számítógépi grafika\Grafika-MO0VEY\Gyakorlatok\Beadandó\MinimalCG\MininmalCG\Main.c(741,57): warning C4244: 'function': conversion from 'int' to 'float', possible loss of data
D:\Egyetem\2024_25_2\Számítógépi grafika\Grafika-MO0VEY\Gyakorlatok\Beadandó\MinimalCG\MininmalCG\Main.c(741,64): warning C4244: 'function': conversion from 'const int' to 'float', possible loss of data
D:\Egyetem\2024_25_2\Számítógépi grafika\Grafika-MO0VEY\Gyakorlatok\Beadandó\MinimalCG\MininmalCG\Main.c(470,36): warning C4244: 'initializing': conversion from 'double' to 'float', possible loss of data
D:\Egyetem\2024_25_2\Számítógépi grafika\Grafika-MO0VEY\Gyakorlatok\Beadandó\MinimalCG\MininmalCG\Main.c(795,25): warning C4244: '=': conversion from 'int' to 'float', possible loss of data
D:\Egyetem\2024_25_2\Számítógépi grafika\Grafika-MO0VEY\Gyakorlatok\Beadandó\MinimalCG\MininmalCG\Main.c(796,26): warning C4244: '=': conversion from 'int' to 'float', possible loss of data
D:\Egyetem\2024_25_2\Számítógépi grafika\Grafika-MO0VEY\Gyakorlatok\Beadandó\MinimalCG\MininmalCG\Main.c(942,21): warning C4113: 'void (__cdecl *)()' differs in parameter lists from 'void (__cdecl *)(void)'
D:\Egyetem\2024_25_2\Számítógépi grafika\Grafika-MO0VEY\Gyakorlatok\Beadandó\MinimalCG\MininmalCG\Main.c(943,18): warning C4113: 'void (__cdecl *)()' differs in parameter lists from 'void (__cdecl *)(void)'
  MininmalCG.vcxproj -> D:\Egyetem\2024_25_2\Számítógépi grafika\Grafika-MO0VEY\Gyakorlatok\Beadandó\MinimalCG\MininmalCG\x64\Debug\MininmalCG.exe
  'pwsh.exe' is not recognized as an internal or external command,
  operable program or batch file.
